{"D:\\Learning\\doctor-portal\\doc_app_backend\\app.js": {"path":"D:\\Learning\\doctor-portal\\doc_app_backend\\app.js","statementMap":{"0":{"start":{"line":1,"column":16},"end":{"line":1,"column":34}},"1":{"start":{"line":2,"column":12},"end":{"line":2,"column":21}},"2":{"start":{"line":3,"column":13},"end":{"line":3,"column":37}},"3":{"start":{"line":4,"column":13},"end":{"line":4,"column":28}},"4":{"start":{"line":5,"column":17},"end":{"line":5,"column":42}},"5":{"start":{"line":6,"column":19},"end":{"line":6,"column":48}},"6":{"start":{"line":7,"column":27},"end":{"line":7,"column":64}},"7":{"start":{"line":8,"column":21},"end":{"line":8,"column":52}},"8":{"start":{"line":11,"column":0},"end":{"line":11,"column":10}},"9":{"start":{"line":12,"column":0},"end":{"line":12,"column":15}},"10":{"start":{"line":13,"column":0},"end":{"line":13,"column":23}},"11":{"start":{"line":14,"column":0},"end":{"line":14,"column":48}},"12":{"start":{"line":17,"column":0},"end":{"line":17,"column":29}},"13":{"start":{"line":18,"column":0},"end":{"line":18,"column":33}},"14":{"start":{"line":19,"column":0},"end":{"line":19,"column":44}},"15":{"start":{"line":23,"column":0},"end":{"line":32,"column":2}},"16":{"start":{"line":24,"column":4},"end":{"line":31,"column":5}},"17":{"start":{"line":27,"column":8},"end":{"line":27,"column":62}},"18":{"start":{"line":30,"column":8},"end":{"line":30,"column":22}},"19":{"start":{"line":40,"column":0},"end":{"line":40,"column":21}}},"fnMap":{"0":{"name":"(anonymous_0)","decl":{"start":{"line":23,"column":12},"end":{"line":23,"column":13}},"loc":{"start":{"line":23,"column":29},"end":{"line":32,"column":1}},"line":23}},"branchMap":{"0":{"loc":{"start":{"line":3,"column":13},"end":{"line":3,"column":37}},"type":"binary-expr","locations":[{"start":{"line":3,"column":13},"end":{"line":3,"column":29}},{"start":{"line":3,"column":33},"end":{"line":3,"column":37}}],"line":3}},"s":{"0":3,"1":3,"2":3,"3":3,"4":3,"5":3,"6":3,"7":3,"8":3,"9":3,"10":3,"11":3,"12":3,"13":3,"14":3,"15":3,"16":1,"17":1,"18":0,"19":3},"f":{"0":1},"b":{"0":[3,3]},"_coverageSchema":"1a1c01bbd47fc00a2c39e90264f33305004495a9","hash":"364e73b9595cab1b7a475a46249f4e88537e7d92"}
,"D:\\Learning\\doctor-portal\\doc_app_backend\\config.js": {"path":"D:\\Learning\\doctor-portal\\doc_app_backend\\config.js","statementMap":{"0":{"start":{"line":1,"column":15},"end":{"line":9,"column":1}},"1":{"start":{"line":10,"column":0},"end":{"line":10,"column":24}}},"fnMap":{},"branchMap":{},"s":{"0":3,"1":3},"f":{},"b":{},"_coverageSchema":"1a1c01bbd47fc00a2c39e90264f33305004495a9","hash":"d0a958660187b573f8e07bdd4331b722c3abac11"}
,"D:\\Learning\\doctor-portal\\doc_app_backend\\conn\\mongoDb.js": {"path":"D:\\Learning\\doctor-portal\\doc_app_backend\\conn\\mongoDb.js","statementMap":{"0":{"start":{"line":1,"column":17},"end":{"line":1,"column":36}},"1":{"start":{"line":2,"column":15},"end":{"line":2,"column":35}},"2":{"start":{"line":4,"column":16},"end":{"line":18,"column":1}},"3":{"start":{"line":5,"column":4},"end":{"line":17,"column":5}},"4":{"start":{"line":6,"column":16},"end":{"line":11,"column":10}},"5":{"start":{"line":12,"column":8},"end":{"line":12,"column":44}},"6":{"start":{"line":15,"column":8},"end":{"line":15,"column":28}},"7":{"start":{"line":20,"column":1},"end":{"line":20,"column":26}}},"fnMap":{"0":{"name":"(anonymous_0)","decl":{"start":{"line":4,"column":16},"end":{"line":4,"column":17}},"loc":{"start":{"line":4,"column":46},"end":{"line":18,"column":1}},"line":4}},"branchMap":{"0":{"loc":{"start":{"line":4,"column":23},"end":{"line":4,"column":41}},"type":"default-arg","locations":[{"start":{"line":4,"column":29},"end":{"line":4,"column":41}}],"line":4}},"s":{"0":3,"1":3,"2":3,"3":3,"4":3,"5":3,"6":0,"7":3},"f":{"0":3},"b":{"0":[3]},"_coverageSchema":"1a1c01bbd47fc00a2c39e90264f33305004495a9","hash":"5b679edbad14f82e4a3352912221cd1999a01d9a"}
,"D:\\Learning\\doctor-portal\\doc_app_backend\\controller\\appointmentCntr.js": {"path":"D:\\Learning\\doctor-portal\\doc_app_backend\\controller\\appointmentCntr.js","statementMap":{"0":{"start":{"line":1,"column":15},"end":{"line":1,"column":48}},"1":{"start":{"line":2,"column":20},"end":{"line":2,"column":58}},"2":{"start":{"line":3,"column":15},"end":{"line":3,"column":32}},"3":{"start":{"line":4,"column":28},"end":{"line":4,"column":61}},"4":{"start":{"line":5,"column":18},"end":{"line":5,"column":49}},"5":{"start":{"line":7,"column":27},"end":{"line":53,"column":1}},"6":{"start":{"line":9,"column":4},"end":{"line":52,"column":5}},"7":{"start":{"line":10,"column":21},"end":{"line":10,"column":23}},"8":{"start":{"line":12,"column":8},"end":{"line":12,"column":48}},"9":{"start":{"line":13,"column":8},"end":{"line":13,"column":50}},"10":{"start":{"line":14,"column":8},"end":{"line":16,"column":9}},"11":{"start":{"line":15,"column":12},"end":{"line":15,"column":51}},"12":{"start":{"line":17,"column":8},"end":{"line":19,"column":9}},"13":{"start":{"line":18,"column":12},"end":{"line":18,"column":65}},"14":{"start":{"line":20,"column":23},"end":{"line":20,"column":65}},"15":{"start":{"line":23,"column":16},"end":{"line":23,"column":46}},"16":{"start":{"line":27,"column":25},"end":{"line":27,"column":53}},"17":{"start":{"line":28,"column":26},"end":{"line":28,"column":128}},"18":{"start":{"line":29,"column":24},"end":{"line":29,"column":122}},"19":{"start":{"line":31,"column":27},"end":{"line":31,"column":66}},"20":{"start":{"line":33,"column":20},"end":{"line":33,"column":22}},"21":{"start":{"line":34,"column":8},"end":{"line":47,"column":9}},"22":{"start":{"line":34,"column":21},"end":{"line":34,"column":22}},"23":{"start":{"line":35,"column":24},"end":{"line":35,"column":47}},"24":{"start":{"line":36,"column":25},"end":{"line":36,"column":52}},"25":{"start":{"line":37,"column":20},"end":{"line":41,"column":13}},"26":{"start":{"line":42,"column":23},"end":{"line":42,"column":65}},"27":{"start":{"line":42,"column":35},"end":{"line":42,"column":64}},"28":{"start":{"line":43,"column":12},"end":{"line":45,"column":13}},"29":{"start":{"line":44,"column":16},"end":{"line":44,"column":35}},"30":{"start":{"line":46,"column":12},"end":{"line":46,"column":26}},"31":{"start":{"line":48,"column":8},"end":{"line":48,"column":117}},"32":{"start":{"line":50,"column":8},"end":{"line":50,"column":70}},"33":{"start":{"line":57,"column":25},"end":{"line":90,"column":1}},"34":{"start":{"line":59,"column":4},"end":{"line":87,"column":5}},"35":{"start":{"line":60,"column":55},"end":{"line":60,"column":63}},"36":{"start":{"line":62,"column":25},"end":{"line":62,"column":51}},"37":{"start":{"line":63,"column":8},"end":{"line":63,"column":29}},"38":{"start":{"line":64,"column":8},"end":{"line":64,"column":31}},"39":{"start":{"line":65,"column":8},"end":{"line":65,"column":31}},"40":{"start":{"line":66,"column":8},"end":{"line":66,"column":48}},"41":{"start":{"line":67,"column":21},"end":{"line":73,"column":9}},"42":{"start":{"line":74,"column":20},"end":{"line":74,"column":65}},"43":{"start":{"line":75,"column":8},"end":{"line":78,"column":9}},"44":{"start":{"line":76,"column":12},"end":{"line":76,"column":90}},"45":{"start":{"line":77,"column":12},"end":{"line":77,"column":18}},"46":{"start":{"line":79,"column":19},"end":{"line":79,"column":21}},"47":{"start":{"line":80,"column":9},"end":{"line":80,"column":51}},"48":{"start":{"line":81,"column":8},"end":{"line":81,"column":97}},"49":{"start":{"line":85,"column":8},"end":{"line":85,"column":71}},"50":{"start":{"line":94,"column":0},"end":{"line":94,"column":57}}},"fnMap":{"0":{"name":"(anonymous_0)","decl":{"start":{"line":7,"column":27},"end":{"line":7,"column":28}},"loc":{"start":{"line":7,"column":47},"end":{"line":53,"column":1}},"line":7},"1":{"name":"(anonymous_1)","decl":{"start":{"line":42,"column":30},"end":{"line":42,"column":31}},"loc":{"start":{"line":42,"column":35},"end":{"line":42,"column":64}},"line":42},"2":{"name":"(anonymous_2)","decl":{"start":{"line":57,"column":25},"end":{"line":57,"column":26}},"loc":{"start":{"line":57,"column":45},"end":{"line":90,"column":1}},"line":57}},"branchMap":{"0":{"loc":{"start":{"line":14,"column":8},"end":{"line":16,"column":9}},"type":"if","locations":[{"start":{"line":14,"column":8},"end":{"line":16,"column":9}},{"start":{},"end":{}}],"line":14},"1":{"loc":{"start":{"line":17,"column":8},"end":{"line":19,"column":9}},"type":"if","locations":[{"start":{"line":17,"column":8},"end":{"line":19,"column":9}},{"start":{},"end":{}}],"line":17},"2":{"loc":{"start":{"line":43,"column":12},"end":{"line":45,"column":13}},"type":"if","locations":[{"start":{"line":43,"column":12},"end":{"line":45,"column":13}},{"start":{},"end":{}}],"line":43},"3":{"loc":{"start":{"line":75,"column":8},"end":{"line":78,"column":9}},"type":"if","locations":[{"start":{"line":75,"column":8},"end":{"line":78,"column":9}},{"start":{},"end":{}}],"line":75},"4":{"loc":{"start":{"line":75,"column":12},"end":{"line":75,"column":30}},"type":"binary-expr","locations":[{"start":{"line":75,"column":12},"end":{"line":75,"column":17}},{"start":{"line":75,"column":21},"end":{"line":75,"column":30}}],"line":75}},"s":{"0":3,"1":3,"2":3,"3":3,"4":3,"5":3,"6":3,"7":3,"8":3,"9":3,"10":3,"11":1,"12":2,"13":1,"14":1,"15":1,"16":1,"17":1,"18":1,"19":1,"20":1,"21":1,"22":1,"23":20,"24":20,"25":20,"26":20,"27":0,"28":20,"29":0,"30":20,"31":1,"32":2,"33":3,"34":2,"35":2,"36":2,"37":2,"38":2,"39":2,"40":2,"41":2,"42":2,"43":1,"44":1,"45":1,"46":0,"47":0,"48":0,"49":1,"50":3},"f":{"0":3,"1":0,"2":2},"b":{"0":[1,2],"1":[1,1],"2":[0,20],"3":[1,0],"4":[1,1]},"_coverageSchema":"1a1c01bbd47fc00a2c39e90264f33305004495a9","hash":"796e5e0d9aef699bbd3346c1e30b2094b8536234"}
,"D:\\Learning\\doctor-portal\\doc_app_backend\\controller\\auth.js": {"path":"D:\\Learning\\doctor-portal\\doc_app_backend\\controller\\auth.js","statementMap":{"0":{"start":{"line":1,"column":16},"end":{"line":1,"column":34}},"1":{"start":{"line":2,"column":15},"end":{"line":2,"column":35}},"2":{"start":{"line":3,"column":15},"end":{"line":3,"column":32}},"3":{"start":{"line":4,"column":12},"end":{"line":4,"column":35}},"4":{"start":{"line":5,"column":15},"end":{"line":5,"column":48}},"5":{"start":{"line":6,"column":13},"end":{"line":6,"column":44}},"6":{"start":{"line":7,"column":41},"end":{"line":7,"column":74}},"7":{"start":{"line":8,"column":14},"end":{"line":35,"column":1}},"8":{"start":{"line":9,"column":4},"end":{"line":34,"column":5}},"9":{"start":{"line":11,"column":8},"end":{"line":11,"column":31}},"10":{"start":{"line":12,"column":36},"end":{"line":12,"column":44}},"11":{"start":{"line":14,"column":22},"end":{"line":14,"column":51}},"12":{"start":{"line":15,"column":8},"end":{"line":17,"column":9}},"13":{"start":{"line":16,"column":12},"end":{"line":16,"column":82}},"14":{"start":{"line":19,"column":22},"end":{"line":19,"column":69}},"15":{"start":{"line":21,"column":8},"end":{"line":30,"column":9}},"16":{"start":{"line":22,"column":26},"end":{"line":22,"column":46}},"17":{"start":{"line":24,"column":12},"end":{"line":29,"column":14}},"18":{"start":{"line":31,"column":8},"end":{"line":31,"column":76}},"19":{"start":{"line":33,"column":8},"end":{"line":33,"column":77}},"20":{"start":{"line":37,"column":15},"end":{"line":65,"column":1}},"21":{"start":{"line":38,"column":4},"end":{"line":64,"column":5}},"22":{"start":{"line":39,"column":8},"end":{"line":39,"column":33}},"23":{"start":{"line":40,"column":50},"end":{"line":40,"column":58}},"24":{"start":{"line":41,"column":22},"end":{"line":41,"column":51}},"25":{"start":{"line":42,"column":8},"end":{"line":44,"column":9}},"26":{"start":{"line":43,"column":12},"end":{"line":43,"column":80}},"27":{"start":{"line":45,"column":21},"end":{"line":45,"column":45}},"28":{"start":{"line":46,"column":27},"end":{"line":46,"column":60}},"29":{"start":{"line":47,"column":16},"end":{"line":49,"column":9}},"30":{"start":{"line":50,"column":19},"end":{"line":50,"column":39}},"31":{"start":{"line":51,"column":8},"end":{"line":51,"column":37}},"32":{"start":{"line":52,"column":8},"end":{"line":52,"column":36}},"33":{"start":{"line":53,"column":22},"end":{"line":53,"column":41}},"34":{"start":{"line":55,"column":8},"end":{"line":60,"column":11}},"35":{"start":{"line":63,"column":8},"end":{"line":63,"column":72}},"36":{"start":{"line":66,"column":22},"end":{"line":70,"column":1}},"37":{"start":{"line":67,"column":4},"end":{"line":69,"column":6}},"38":{"start":{"line":72,"column":24},"end":{"line":81,"column":1}},"39":{"start":{"line":73,"column":4},"end":{"line":80,"column":7}},"40":{"start":{"line":74,"column":8},"end":{"line":79,"column":11}},"41":{"start":{"line":75,"column":12},"end":{"line":77,"column":13}},"42":{"start":{"line":76,"column":16},"end":{"line":76,"column":35}},"43":{"start":{"line":78,"column":12},"end":{"line":78,"column":27}},"44":{"start":{"line":84,"column":0},"end":{"line":84,"column":51}}},"fnMap":{"0":{"name":"(anonymous_0)","decl":{"start":{"line":8,"column":14},"end":{"line":8,"column":15}},"loc":{"start":{"line":8,"column":34},"end":{"line":35,"column":1}},"line":8},"1":{"name":"(anonymous_1)","decl":{"start":{"line":37,"column":15},"end":{"line":37,"column":16}},"loc":{"start":{"line":37,"column":35},"end":{"line":65,"column":1}},"line":37},"2":{"name":"(anonymous_2)","decl":{"start":{"line":66,"column":22},"end":{"line":66,"column":23}},"loc":{"start":{"line":66,"column":32},"end":{"line":70,"column":1}},"line":66},"3":{"name":"(anonymous_3)","decl":{"start":{"line":72,"column":24},"end":{"line":72,"column":25}},"loc":{"start":{"line":72,"column":44},"end":{"line":81,"column":1}},"line":72},"4":{"name":"(anonymous_4)","decl":{"start":{"line":73,"column":23},"end":{"line":73,"column":24}},"loc":{"start":{"line":73,"column":44},"end":{"line":80,"column":5}},"line":73},"5":{"name":"(anonymous_5)","decl":{"start":{"line":74,"column":39},"end":{"line":74,"column":40}},"loc":{"start":{"line":74,"column":55},"end":{"line":79,"column":9}},"line":74}},"branchMap":{"0":{"loc":{"start":{"line":15,"column":8},"end":{"line":17,"column":9}},"type":"if","locations":[{"start":{"line":15,"column":8},"end":{"line":17,"column":9}},{"start":{},"end":{}}],"line":15},"1":{"loc":{"start":{"line":21,"column":8},"end":{"line":30,"column":9}},"type":"if","locations":[{"start":{"line":21,"column":8},"end":{"line":30,"column":9}},{"start":{},"end":{}}],"line":21},"2":{"loc":{"start":{"line":42,"column":8},"end":{"line":44,"column":9}},"type":"if","locations":[{"start":{"line":42,"column":8},"end":{"line":44,"column":9}},{"start":{},"end":{}}],"line":42},"3":{"loc":{"start":{"line":75,"column":12},"end":{"line":77,"column":13}},"type":"if","locations":[{"start":{"line":75,"column":12},"end":{"line":77,"column":13}},{"start":{},"end":{}}],"line":75}},"s":{"0":3,"1":3,"2":3,"3":3,"4":3,"5":3,"6":3,"7":3,"8":10,"9":10,"10":8,"11":8,"12":8,"13":1,"14":7,"15":7,"16":6,"17":6,"18":1,"19":2,"20":3,"21":2,"22":2,"23":1,"24":1,"25":1,"26":1,"27":0,"28":0,"29":0,"30":0,"31":0,"32":0,"33":0,"34":0,"35":1,"36":3,"37":6,"38":3,"39":8,"40":8,"41":8,"42":0,"43":8,"44":3},"f":{"0":10,"1":2,"2":6,"3":8,"4":8,"5":8},"b":{"0":[1,7],"1":[6,1],"2":[1,0],"3":[0,8]},"_coverageSchema":"1a1c01bbd47fc00a2c39e90264f33305004495a9","hash":"aa039e7a2a7e0f053b4057ea347eb7dcdd43079b"}
,"D:\\Learning\\doctor-portal\\doc_app_backend\\controller\\doctorCont.js": {"path":"D:\\Learning\\doctor-portal\\doc_app_backend\\controller\\doctorCont.js","statementMap":{"0":{"start":{"line":1,"column":15},"end":{"line":1,"column":48}},"1":{"start":{"line":2,"column":20},"end":{"line":2,"column":58}},"2":{"start":{"line":3,"column":37},"end":{"line":3,"column":70}},"3":{"start":{"line":5,"column":21},"end":{"line":13,"column":1}},"4":{"start":{"line":6,"column":4},"end":{"line":12,"column":5}},"5":{"start":{"line":7,"column":19},"end":{"line":7,"column":38}},"6":{"start":{"line":8,"column":8},"end":{"line":8,"column":100}},"7":{"start":{"line":10,"column":8},"end":{"line":10,"column":91}},"8":{"start":{"line":16,"column":25},"end":{"line":52,"column":1}},"9":{"start":{"line":18,"column":4},"end":{"line":50,"column":5}},"10":{"start":{"line":20,"column":26},"end":{"line":20,"column":40}},"11":{"start":{"line":21,"column":17},"end":{"line":21,"column":42}},"12":{"start":{"line":22,"column":8},"end":{"line":24,"column":9}},"13":{"start":{"line":23,"column":12},"end":{"line":23,"column":53}},"14":{"start":{"line":25,"column":33},"end":{"line":25,"column":57}},"15":{"start":{"line":26,"column":22},"end":{"line":26,"column":41}},"16":{"start":{"line":27,"column":21},"end":{"line":27,"column":40}},"17":{"start":{"line":28,"column":16},"end":{"line":28,"column":84}},"18":{"start":{"line":29,"column":24},"end":{"line":41,"column":10}},"19":{"start":{"line":44,"column":8},"end":{"line":44,"column":137}},"20":{"start":{"line":48,"column":8},"end":{"line":48,"column":92}},"21":{"start":{"line":54,"column":21},"end":{"line":70,"column":1}},"22":{"start":{"line":55,"column":4},"end":{"line":69,"column":5}},"23":{"start":{"line":56,"column":43},"end":{"line":56,"column":51}},"24":{"start":{"line":57,"column":8},"end":{"line":59,"column":9}},"25":{"start":{"line":58,"column":12},"end":{"line":58,"column":62}},"26":{"start":{"line":60,"column":8},"end":{"line":62,"column":9}},"27":{"start":{"line":61,"column":12},"end":{"line":61,"column":67}},"28":{"start":{"line":63,"column":16},"end":{"line":63,"column":87}},"29":{"start":{"line":64,"column":8},"end":{"line":64,"column":73}},"30":{"start":{"line":67,"column":8},"end":{"line":67,"column":92}},"31":{"start":{"line":72,"column":0},"end":{"line":72,"column":65}}},"fnMap":{"0":{"name":"(anonymous_0)","decl":{"start":{"line":5,"column":21},"end":{"line":5,"column":22}},"loc":{"start":{"line":5,"column":41},"end":{"line":13,"column":1}},"line":5},"1":{"name":"(anonymous_1)","decl":{"start":{"line":16,"column":25},"end":{"line":16,"column":26}},"loc":{"start":{"line":16,"column":45},"end":{"line":52,"column":1}},"line":16},"2":{"name":"(anonymous_2)","decl":{"start":{"line":54,"column":21},"end":{"line":54,"column":22}},"loc":{"start":{"line":54,"column":41},"end":{"line":70,"column":1}},"line":54}},"branchMap":{"0":{"loc":{"start":{"line":22,"column":8},"end":{"line":24,"column":9}},"type":"if","locations":[{"start":{"line":22,"column":8},"end":{"line":24,"column":9}},{"start":{},"end":{}}],"line":22},"1":{"loc":{"start":{"line":57,"column":8},"end":{"line":59,"column":9}},"type":"if","locations":[{"start":{"line":57,"column":8},"end":{"line":59,"column":9}},{"start":{},"end":{}}],"line":57},"2":{"loc":{"start":{"line":60,"column":8},"end":{"line":62,"column":9}},"type":"if","locations":[{"start":{"line":60,"column":8},"end":{"line":62,"column":9}},{"start":{},"end":{}}],"line":60}},"s":{"0":3,"1":3,"2":3,"3":3,"4":1,"5":1,"6":1,"7":0,"8":3,"9":4,"10":4,"11":4,"12":4,"13":1,"14":3,"15":3,"16":3,"17":3,"18":3,"19":3,"20":1,"21":3,"22":3,"23":3,"24":3,"25":1,"26":2,"27":1,"28":1,"29":1,"30":2,"31":3},"f":{"0":1,"1":4,"2":3},"b":{"0":[1,3],"1":[1,2],"2":[1,1]},"_coverageSchema":"1a1c01bbd47fc00a2c39e90264f33305004495a9","hash":"c1db886446cca75dedcb12239b1ee49de46dc545"}
,"D:\\Learning\\doctor-portal\\doc_app_backend\\helpers\\timeslots.js": {"path":"D:\\Learning\\doctor-portal\\doc_app_backend\\helpers\\timeslots.js","statementMap":{"0":{"start":{"line":2,"column":18},"end":{"line":16,"column":1}},"1":{"start":{"line":3,"column":4},"end":{"line":5,"column":5}},"2":{"start":{"line":4,"column":8},"end":{"line":4,"column":21}},"3":{"start":{"line":6,"column":15},"end":{"line":6,"column":43}},"4":{"start":{"line":7,"column":4},"end":{"line":9,"column":5}},"5":{"start":{"line":8,"column":7},"end":{"line":8,"column":19}},"6":{"start":{"line":10,"column":19},"end":{"line":10,"column":41}},"7":{"start":{"line":11,"column":4},"end":{"line":14,"column":5}},"8":{"start":{"line":12,"column":8},"end":{"line":12,"column":37}},"9":{"start":{"line":13,"column":8},"end":{"line":13,"column":39}},"10":{"start":{"line":15,"column":4},"end":{"line":15,"column":18}},"11":{"start":{"line":19,"column":0},"end":{"line":19,"column":27}}},"fnMap":{"0":{"name":"(anonymous_0)","decl":{"start":{"line":2,"column":18},"end":{"line":2,"column":19}},"loc":{"start":{"line":2,"column":52},"end":{"line":16,"column":1}},"line":2}},"branchMap":{"0":{"loc":{"start":{"line":3,"column":4},"end":{"line":5,"column":5}},"type":"if","locations":[{"start":{"line":3,"column":4},"end":{"line":5,"column":5}},{"start":{},"end":{}}],"line":3},"1":{"loc":{"start":{"line":3,"column":8},"end":{"line":3,"column":43}},"type":"binary-expr","locations":[{"start":{"line":3,"column":8},"end":{"line":3,"column":18}},{"start":{"line":3,"column":22},"end":{"line":3,"column":30}},{"start":{"line":3,"column":34},"end":{"line":3,"column":43}}],"line":3},"2":{"loc":{"start":{"line":7,"column":4},"end":{"line":9,"column":5}},"type":"if","locations":[{"start":{"line":7,"column":4},"end":{"line":9,"column":5}},{"start":{},"end":{}}],"line":7}},"s":{"0":4,"1":4,"2":1,"3":3,"4":3,"5":1,"6":2,"7":2,"8":26,"9":26,"10":2,"11":4},"f":{"0":4},"b":{"0":[1,3],"1":[4,3,3],"2":[1,2]},"_coverageSchema":"1a1c01bbd47fc00a2c39e90264f33305004495a9","hash":"8e5ef167122bf2cfb31b4df95014f74e92608730"}
,"D:\\Learning\\doctor-portal\\doc_app_backend\\helpers\\validations.js": {"path":"D:\\Learning\\doctor-portal\\doc_app_backend\\helpers\\validations.js","statementMap":{"0":{"start":{"line":1,"column":17},"end":{"line":1,"column":51}},"1":{"start":{"line":2,"column":16},"end":{"line":2,"column":47}},"2":{"start":{"line":3,"column":18},"end":{"line":3,"column":38}},"3":{"start":{"line":6,"column":4},"end":{"line":8,"column":5}},"4":{"start":{"line":7,"column":8},"end":{"line":7,"column":20}},"5":{"start":{"line":9,"column":4},"end":{"line":9,"column":17}},"6":{"start":{"line":13,"column":4},"end":{"line":13,"column":29}},"7":{"start":{"line":17,"column":4},"end":{"line":19,"column":5}},"8":{"start":{"line":18,"column":8},"end":{"line":18,"column":45}},"9":{"start":{"line":20,"column":4},"end":{"line":22,"column":5}},"10":{"start":{"line":21,"column":8},"end":{"line":21,"column":48}},"11":{"start":{"line":23,"column":4},"end":{"line":25,"column":5}},"12":{"start":{"line":24,"column":8},"end":{"line":24,"column":44}},"13":{"start":{"line":26,"column":4},"end":{"line":28,"column":5}},"14":{"start":{"line":27,"column":8},"end":{"line":27,"column":45}},"15":{"start":{"line":29,"column":4},"end":{"line":31,"column":5}},"16":{"start":{"line":30,"column":8},"end":{"line":30,"column":51}},"17":{"start":{"line":32,"column":4},"end":{"line":34,"column":5}},"18":{"start":{"line":33,"column":8},"end":{"line":33,"column":61}},"19":{"start":{"line":35,"column":4},"end":{"line":37,"column":5}},"20":{"start":{"line":36,"column":8},"end":{"line":36,"column":54}},"21":{"start":{"line":38,"column":4},"end":{"line":40,"column":5}},"22":{"start":{"line":39,"column":8},"end":{"line":39,"column":52}},"23":{"start":{"line":44,"column":4},"end":{"line":46,"column":5}},"24":{"start":{"line":45,"column":8},"end":{"line":45,"column":45}},"25":{"start":{"line":47,"column":4},"end":{"line":49,"column":5}},"26":{"start":{"line":48,"column":8},"end":{"line":48,"column":48}},"27":{"start":{"line":55,"column":0},"end":{"line":55,"column":75}}},"fnMap":{"0":{"name":"isValidObjectId","decl":{"start":{"line":5,"column":9},"end":{"line":5,"column":24}},"loc":{"start":{"line":5,"column":29},"end":{"line":10,"column":1}},"line":5},"1":{"name":"isStatus","decl":{"start":{"line":12,"column":9},"end":{"line":12,"column":17}},"loc":{"start":{"line":12,"column":20},"end":{"line":14,"column":1}},"line":12},"2":{"name":"validateSignup","decl":{"start":{"line":16,"column":9},"end":{"line":16,"column":23}},"loc":{"start":{"line":16,"column":27},"end":{"line":41,"column":1}},"line":16},"3":{"name":"validateLogin","decl":{"start":{"line":43,"column":9},"end":{"line":43,"column":22}},"loc":{"start":{"line":43,"column":26},"end":{"line":50,"column":1}},"line":43}},"branchMap":{"0":{"loc":{"start":{"line":6,"column":4},"end":{"line":8,"column":5}},"type":"if","locations":[{"start":{"line":6,"column":4},"end":{"line":8,"column":5}},{"start":{},"end":{}}],"line":6},"1":{"loc":{"start":{"line":17,"column":4},"end":{"line":19,"column":5}},"type":"if","locations":[{"start":{"line":17,"column":4},"end":{"line":19,"column":5}},{"start":{},"end":{}}],"line":17},"2":{"loc":{"start":{"line":20,"column":4},"end":{"line":22,"column":5}},"type":"if","locations":[{"start":{"line":20,"column":4},"end":{"line":22,"column":5}},{"start":{},"end":{}}],"line":20},"3":{"loc":{"start":{"line":23,"column":4},"end":{"line":25,"column":5}},"type":"if","locations":[{"start":{"line":23,"column":4},"end":{"line":25,"column":5}},{"start":{},"end":{}}],"line":23},"4":{"loc":{"start":{"line":26,"column":4},"end":{"line":28,"column":5}},"type":"if","locations":[{"start":{"line":26,"column":4},"end":{"line":28,"column":5}},{"start":{},"end":{}}],"line":26},"5":{"loc":{"start":{"line":29,"column":4},"end":{"line":31,"column":5}},"type":"if","locations":[{"start":{"line":29,"column":4},"end":{"line":31,"column":5}},{"start":{},"end":{}}],"line":29},"6":{"loc":{"start":{"line":32,"column":4},"end":{"line":34,"column":5}},"type":"if","locations":[{"start":{"line":32,"column":4},"end":{"line":34,"column":5}},{"start":{},"end":{}}],"line":32},"7":{"loc":{"start":{"line":35,"column":4},"end":{"line":37,"column":5}},"type":"if","locations":[{"start":{"line":35,"column":4},"end":{"line":37,"column":5}},{"start":{},"end":{}}],"line":35},"8":{"loc":{"start":{"line":38,"column":4},"end":{"line":40,"column":5}},"type":"if","locations":[{"start":{"line":38,"column":4},"end":{"line":40,"column":5}},{"start":{},"end":{}}],"line":38},"9":{"loc":{"start":{"line":44,"column":4},"end":{"line":46,"column":5}},"type":"if","locations":[{"start":{"line":44,"column":4},"end":{"line":46,"column":5}},{"start":{},"end":{}}],"line":44},"10":{"loc":{"start":{"line":47,"column":4},"end":{"line":49,"column":5}},"type":"if","locations":[{"start":{"line":47,"column":4},"end":{"line":49,"column":5}},{"start":{},"end":{}}],"line":47}},"s":{"0":4,"1":4,"2":4,"3":6,"4":3,"5":3,"6":5,"7":2,"8":0,"9":2,"10":1,"11":1,"12":0,"13":1,"14":0,"15":1,"16":0,"17":1,"18":0,"19":1,"20":0,"21":1,"22":0,"23":10,"24":1,"25":9,"26":1,"27":4},"f":{"0":6,"1":5,"2":2,"3":10},"b":{"0":[3,3],"1":[0,2],"2":[1,1],"3":[0,1],"4":[0,1],"5":[0,1],"6":[0,1],"7":[0,1],"8":[0,1],"9":[1,9],"10":[1,8]},"_coverageSchema":"1a1c01bbd47fc00a2c39e90264f33305004495a9","hash":"ecc36f87a96b461c2fb4d8b54d1889e8b29199da"}
,"D:\\Learning\\doctor-portal\\doc_app_backend\\middleware\\tokenVerify.js": {"path":"D:\\Learning\\doctor-portal\\doc_app_backend\\middleware\\tokenVerify.js","statementMap":{"0":{"start":{"line":1,"column":12},"end":{"line":1,"column":35}},"1":{"start":{"line":2,"column":15},"end":{"line":2,"column":35}},"2":{"start":{"line":3,"column":15},"end":{"line":3,"column":48}},"3":{"start":{"line":5,"column":0},"end":{"line":27,"column":1}},"4":{"start":{"line":6,"column":21},"end":{"line":6,"column":48}},"5":{"start":{"line":7,"column":16},"end":{"line":7,"column":54}},"6":{"start":{"line":8,"column":2},"end":{"line":13,"column":3}},"7":{"start":{"line":9,"column":4},"end":{"line":12,"column":7}},"8":{"start":{"line":14,"column":2},"end":{"line":26,"column":3}},"9":{"start":{"line":15,"column":21},"end":{"line":15,"column":57}},"10":{"start":{"line":16,"column":4},"end":{"line":16,"column":24}},"11":{"start":{"line":17,"column":4},"end":{"line":17,"column":61}},"12":{"start":{"line":20,"column":4},"end":{"line":20,"column":11}},"13":{"start":{"line":22,"column":4},"end":{"line":25,"column":7}}},"fnMap":{"0":{"name":"(anonymous_0)","decl":{"start":{"line":5,"column":17},"end":{"line":5,"column":18}},"loc":{"start":{"line":5,"column":43},"end":{"line":27,"column":1}},"line":5}},"branchMap":{"0":{"loc":{"start":{"line":7,"column":16},"end":{"line":7,"column":54}},"type":"binary-expr","locations":[{"start":{"line":7,"column":16},"end":{"line":7,"column":26}},{"start":{"line":7,"column":30},"end":{"line":7,"column":54}}],"line":7},"1":{"loc":{"start":{"line":8,"column":2},"end":{"line":13,"column":3}},"type":"if","locations":[{"start":{"line":8,"column":2},"end":{"line":13,"column":3}},{"start":{},"end":{}}],"line":8}},"s":{"0":3,"1":3,"2":3,"3":3,"4":7,"5":7,"6":7,"7":0,"8":7,"9":7,"10":7,"11":7,"12":7,"13":0},"f":{"0":7},"b":{"0":[7,7],"1":[0,7]},"_coverageSchema":"1a1c01bbd47fc00a2c39e90264f33305004495a9","hash":"4663a0181ca5fb66cde963e4af2494e6eacb890d"}
,"D:\\Learning\\doctor-portal\\doc_app_backend\\models\\appointment.model.js": {"path":"D:\\Learning\\doctor-portal\\doc_app_backend\\models\\appointment.model.js","statementMap":{"0":{"start":{"line":1,"column":17},"end":{"line":1,"column":36}},"1":{"start":{"line":2,"column":26},"end":{"line":43,"column":1}},"2":{"start":{"line":45,"column":0},"end":{"line":45,"column":65}}},"fnMap":{},"branchMap":{},"s":{"0":3,"1":3,"2":3},"f":{},"b":{},"_coverageSchema":"1a1c01bbd47fc00a2c39e90264f33305004495a9","hash":"a1824de4929de95d983f83f147b67ad0c423fcb7"}
,"D:\\Learning\\doctor-portal\\doc_app_backend\\models\\doctor.model.js": {"path":"D:\\Learning\\doctor-portal\\doc_app_backend\\models\\doctor.model.js","statementMap":{"0":{"start":{"line":1,"column":17},"end":{"line":1,"column":36}},"1":{"start":{"line":2,"column":21},"end":{"line":31,"column":1}},"2":{"start":{"line":33,"column":0},"end":{"line":33,"column":55}}},"fnMap":{},"branchMap":{},"s":{"0":3,"1":3,"2":3},"f":{},"b":{},"_coverageSchema":"1a1c01bbd47fc00a2c39e90264f33305004495a9","hash":"1a4579b0232ec5f02b71c02079ba229df247d68e"}
,"D:\\Learning\\doctor-portal\\doc_app_backend\\models\\user.model.js": {"path":"D:\\Learning\\doctor-portal\\doc_app_backend\\models\\user.model.js","statementMap":{"0":{"start":{"line":1,"column":17},"end":{"line":1,"column":36}},"1":{"start":{"line":2,"column":21},"end":{"line":22,"column":1}},"2":{"start":{"line":24,"column":0},"end":{"line":24,"column":53}}},"fnMap":{},"branchMap":{},"s":{"0":3,"1":3,"2":3},"f":{},"b":{},"_coverageSchema":"1a1c01bbd47fc00a2c39e90264f33305004495a9","hash":"a7abc9486750fd17968b0ab321405c1516f56287"}
,"D:\\Learning\\doctor-portal\\doc_app_backend\\route\\appointmentsRouter.js": {"path":"D:\\Learning\\doctor-portal\\doc_app_backend\\route\\appointmentsRouter.js","statementMap":{"0":{"start":{"line":1,"column":16},"end":{"line":1,"column":34}},"1":{"start":{"line":2,"column":15},"end":{"line":2,"column":31}},"2":{"start":{"line":3,"column":30},"end":{"line":3,"column":70}},"3":{"start":{"line":4,"column":26},"end":{"line":4,"column":61}},"4":{"start":{"line":5,"column":15},"end":{"line":5,"column":51}},"5":{"start":{"line":13,"column":0},"end":{"line":13,"column":58}},"6":{"start":{"line":18,"column":0},"end":{"line":18,"column":60}},"7":{"start":{"line":21,"column":0},"end":{"line":21,"column":66}},"8":{"start":{"line":24,"column":0},"end":{"line":24,"column":24}}},"fnMap":{},"branchMap":{},"s":{"0":3,"1":3,"2":3,"3":3,"4":3,"5":3,"6":3,"7":3,"8":3},"f":{},"b":{},"_coverageSchema":"1a1c01bbd47fc00a2c39e90264f33305004495a9","hash":"e57e4c2677982d5e0f59be9414eeb85c7fef5733"}
,"D:\\Learning\\doctor-portal\\doc_app_backend\\route\\authRouter.js": {"path":"D:\\Learning\\doctor-portal\\doc_app_backend\\route\\authRouter.js","statementMap":{"0":{"start":{"line":1,"column":16},"end":{"line":1,"column":34}},"1":{"start":{"line":2,"column":15},"end":{"line":2,"column":31}},"2":{"start":{"line":7,"column":23},"end":{"line":7,"column":52}},"3":{"start":{"line":11,"column":0},"end":{"line":13,"column":32}},"4":{"start":{"line":16,"column":0},"end":{"line":18,"column":33}},"5":{"start":{"line":21,"column":0},"end":{"line":21,"column":24}}},"fnMap":{},"branchMap":{},"s":{"0":3,"1":3,"2":3,"3":3,"4":3,"5":3},"f":{},"b":{},"_coverageSchema":"1a1c01bbd47fc00a2c39e90264f33305004495a9","hash":"2d08d98a4d8497c0389cd68929bdd8ee427ee14c"}
,"D:\\Learning\\doctor-portal\\doc_app_backend\\route\\doctorRouter.js": {"path":"D:\\Learning\\doctor-portal\\doc_app_backend\\route\\doctorRouter.js","statementMap":{"0":{"start":{"line":1,"column":16},"end":{"line":1,"column":34}},"1":{"start":{"line":2,"column":15},"end":{"line":2,"column":31}},"2":{"start":{"line":4,"column":15},"end":{"line":4,"column":51}},"3":{"start":{"line":7,"column":26},"end":{"line":7,"column":61}},"4":{"start":{"line":9,"column":0},"end":{"line":9,"column":46}},"5":{"start":{"line":12,"column":0},"end":{"line":12,"column":67}},"6":{"start":{"line":15,"column":0},"end":{"line":15,"column":24}}},"fnMap":{},"branchMap":{},"s":{"0":3,"1":3,"2":3,"3":3,"4":3,"5":3,"6":3},"f":{},"b":{},"_coverageSchema":"1a1c01bbd47fc00a2c39e90264f33305004495a9","hash":"eedf43abd12368b0316b6668fd25c2e8dbae6eeb"}
}
